2025-08-19 18:56:14 [main] INFO  org.server.Server - Server started, waiting for clients...
2025-08-19 18:57:19 [pool-1-thread-1] INFO  org.server.Server - {"messageType":"USER_LOG_IN","payload":"{\"id\":null,\"userName\":null,\"displayName\":null,\"password\":\"toto\",\"emailAddress\":\"toto.toto@yahoo.fr\"}"}
2025-08-19 18:57:19 [pool-1-thread-1] INFO  org.neo4j.ogm.metadata.DomainInfo - Starting Post-processing phase
2025-08-19 18:57:19 [pool-1-thread-1] INFO  org.neo4j.ogm.metadata.DomainInfo - Building byLabel lookup maps
2025-08-19 18:57:19 [pool-1-thread-1] INFO  org.neo4j.ogm.metadata.DomainInfo - Building interface class map for 1 classes
2025-08-19 18:57:19 [pool-1-thread-1] INFO  org.neo4j.ogm.metadata.DomainInfo - Post-processing complete
2025-08-19 18:57:20 [pool-1-thread-1] INFO  o.n.o.drivers.bolt.driver.BoltDriver - Shutting down Bolt driver org.neo4j.driver.internal.InternalDriver@31652063 
2025-08-19 18:57:21 [pool-1-thread-1] INFO  org.server.action.UserAction - User connected !
2025-08-19 19:00:06 [main] INFO  org.server.Server - Server started, waiting for clients...
2025-08-19 19:00:21 [pool-1-thread-1] INFO  org.server.Server - {"messageType":"USER_LOG_IN","payload":"{\"id\":null,\"userName\":null,\"displayName\":null,\"password\":\"toto\",\"emailAddress\":\"toto.toto@yahoo.fr\"}"}
2025-08-19 19:00:21 [pool-1-thread-1] INFO  org.neo4j.ogm.metadata.DomainInfo - Starting Post-processing phase
2025-08-19 19:00:21 [pool-1-thread-1] INFO  org.neo4j.ogm.metadata.DomainInfo - Building byLabel lookup maps
2025-08-19 19:00:21 [pool-1-thread-1] INFO  org.neo4j.ogm.metadata.DomainInfo - Building interface class map for 1 classes
2025-08-19 19:00:21 [pool-1-thread-1] INFO  org.neo4j.ogm.metadata.DomainInfo - Post-processing complete
2025-08-19 19:00:21 [pool-1-thread-1] INFO  o.n.o.drivers.bolt.driver.BoltDriver - Shutting down Bolt driver org.neo4j.driver.internal.InternalDriver@4d13e70f 
2025-08-19 19:00:22 [pool-1-thread-1] INFO  org.server.action.UserAction - User connected !
2025-08-19 19:00:57 [pool-1-thread-1] INFO  org.server.Server - {"messageType":"USER_LOG_IN","payload":"{\"id\":null,\"userName\":null,\"displayName\":null,\"password\":\"toto\",\"emailAddress\":\"toto.toto@yahoo.fr\"}"}
2025-08-19 19:00:57 [pool-1-thread-1] INFO  org.neo4j.ogm.metadata.DomainInfo - Starting Post-processing phase
2025-08-19 19:00:57 [pool-1-thread-1] INFO  org.neo4j.ogm.metadata.DomainInfo - Building byLabel lookup maps
2025-08-19 19:00:57 [pool-1-thread-1] INFO  org.neo4j.ogm.metadata.DomainInfo - Building interface class map for 1 classes
2025-08-19 19:00:57 [pool-1-thread-1] INFO  org.neo4j.ogm.metadata.DomainInfo - Post-processing complete
2025-08-19 19:00:57 [pool-1-thread-1] INFO  o.n.o.drivers.bolt.driver.BoltDriver - Shutting down Bolt driver org.neo4j.driver.internal.InternalDriver@6b2ec900 
2025-08-19 19:00:57 [pool-1-thread-1] INFO  org.server.action.UserAction - User connected !
2025-08-19 19:07:49 [main] INFO  org.server.Server - Server started, waiting for clients...
2025-08-19 19:08:01 [pool-1-thread-1] INFO  org.server.Server - {"messageType":"USER_LOG_IN","payload":"{\"id\":null,\"userName\":null,\"displayName\":null,\"password\":\"toto\",\"emailAddress\":\"toto.toto@yahoo.fr\"}"}
2025-08-19 19:08:01 [pool-1-thread-1] INFO  org.neo4j.ogm.metadata.DomainInfo - Starting Post-processing phase
2025-08-19 19:08:01 [pool-1-thread-1] INFO  org.neo4j.ogm.metadata.DomainInfo - Building byLabel lookup maps
2025-08-19 19:08:01 [pool-1-thread-1] INFO  org.neo4j.ogm.metadata.DomainInfo - Building interface class map for 1 classes
2025-08-19 19:08:01 [pool-1-thread-1] INFO  org.neo4j.ogm.metadata.DomainInfo - Post-processing complete
2025-08-19 19:08:02 [pool-1-thread-1] INFO  o.n.o.drivers.bolt.driver.BoltDriver - Shutting down Bolt driver org.neo4j.driver.internal.InternalDriver@4d13e70f 
2025-08-19 19:08:02 [pool-1-thread-1] INFO  org.server.action.UserAction - User connected !
2025-08-19 19:08:53 [pool-1-thread-1] INFO  org.server.Server - {"messageType":"USER_CREATE","payload":"{\"id\":null,\"userName\":null,\"displayName\":\"toto1\",\"password\":\"toto\",\"emailAddress\":\"toto1.toto@yahoo.fr\"}"}
2025-08-19 19:08:53 [pool-1-thread-1] INFO  org.neo4j.ogm.metadata.DomainInfo - Starting Post-processing phase
2025-08-19 19:08:53 [pool-1-thread-1] INFO  org.neo4j.ogm.metadata.DomainInfo - Building byLabel lookup maps
2025-08-19 19:08:53 [pool-1-thread-1] INFO  org.neo4j.ogm.metadata.DomainInfo - Building interface class map for 1 classes
2025-08-19 19:08:53 [pool-1-thread-1] INFO  org.neo4j.ogm.metadata.DomainInfo - Post-processing complete
2025-08-19 19:08:53 [pool-1-thread-1] INFO  o.n.o.d.bolt.response.BoltResponse - Neo.ClientNotification.Schema.IndexOrConstraintAlreadyExists: `CREATE CONSTRAINT IF NOT EXISTS FOR (e:User) REQUIRE (e.emailAddress) IS UNIQUE` has no effect.
	CREATE CONSTRAINT IF NOT EXISTS FOR (u:User) REQUIRE u.emailAddress IS UNIQUE
	^
`CONSTRAINT constraint_65bd8d58 FOR (e:User) REQUIRE (e.emailAddress) IS UNIQUE` already exists.
2025-08-19 19:08:53 [pool-1-thread-1] INFO  o.n.o.d.bolt.response.BoltResponse - Neo.ClientNotification.Schema.IndexOrConstraintAlreadyExists: `CREATE CONSTRAINT IF NOT EXISTS FOR (e:User) REQUIRE (e.emailAddress) IS UNIQUE` has no effect.
	CREATE CONSTRAINT IF NOT EXISTS FOR (u:User) REQUIRE u.emailAddress IS UNIQUE
	^
`CONSTRAINT constraint_65bd8d58 FOR (e:User) REQUIRE (e.emailAddress) IS UNIQUE` already exists.
2025-08-19 19:08:53 [pool-1-thread-1] INFO  o.n.o.drivers.bolt.driver.BoltDriver - Shutting down Bolt driver org.neo4j.driver.internal.InternalDriver@5751f75f 
2025-08-19 19:08:54 [pool-1-thread-1] INFO  o.n.o.drivers.bolt.driver.BoltDriver - Shutting down Bolt driver org.neo4j.driver.internal.InternalDriver@3c8dc533 
2025-08-19 19:08:54 [pool-1-thread-1] INFO  org.server.action.UserAction - User saved !
